TN:
SF:/Users/iansmith/deltav/401/lab-02-classes/list/list.js
FN:5,(anonymous_0)
FN:14,(anonymous_1)
FN:24,(anonymous_2)
FN:31,(anonymous_3)
FN:38,(anonymous_4)
FN:52,(anonymous_5)
FNF:6
FNH:5
FNDA:5,(anonymous_0)
FNDA:10,(anonymous_1)
FNDA:0,(anonymous_2)
FNDA:1,(anonymous_3)
FNDA:1,(anonymous_4)
FNDA:1,(anonymous_5)
DA:6,5
DA:7,5
DA:16,10
DA:17,10
DA:25,0
DA:26,0
DA:27,0
DA:28,0
DA:32,1
DA:33,1
DA:34,1
DA:35,1
DA:39,1
DA:40,1
DA:41,4
DA:42,3
DA:45,1
DA:48,1
DA:49,1
DA:53,1
DA:54,3
DA:59,1
LF:22
LH:18
BRDA:41,0,0,3
BRDA:41,0,1,1
BRF:2
BRH:2
end_of_record
TN:
SF:/Users/iansmith/deltav/401/lab-02-classes/objects/vehicle-class.js
FN:4,(anonymous_0)
FN:9,(anonymous_1)
FN:13,(anonymous_2)
FN:19,(anonymous_3)
FN:24,(anonymous_4)
FN:28,(anonymous_5)
FN:32,(anonymous_6)
FNF:7
FNH:7
FNDA:1,(anonymous_0)
FNDA:1,(anonymous_1)
FNDA:1,(anonymous_2)
FNDA:1,(anonymous_3)
FNDA:1,(anonymous_4)
FNDA:1,(anonymous_5)
FNDA:1,(anonymous_6)
DA:5,1
DA:6,1
DA:10,1
DA:14,1
DA:20,1
DA:21,1
DA:25,1
DA:29,1
DA:33,1
DA:37,1
LF:10
LH:10
BRF:0
BRH:0
end_of_record
TN:
SF:/Users/iansmith/deltav/401/lab-02-classes/objects/vehicle-constructor.js
FN:3,(anonymous_0)
FN:8,(anonymous_1)
FN:12,(anonymous_2)
FN:17,(anonymous_3)
FN:23,(anonymous_4)
FN:29,(anonymous_5)
FNF:6
FNH:6
FNDA:4,(anonymous_0)
FNDA:2,(anonymous_1)
FNDA:2,(anonymous_2)
FNDA:1,(anonymous_3)
FNDA:1,(anonymous_4)
FNDA:1,(anonymous_5)
DA:3,1
DA:4,4
DA:5,4
DA:8,1
DA:9,2
DA:12,1
DA:13,2
DA:17,1
DA:18,1
DA:21,1
DA:23,1
DA:24,1
DA:27,1
DA:29,1
DA:30,1
DA:33,1
LF:16
LH:16
BRF:0
BRH:0
end_of_record
TN:
SF:/Users/iansmith/deltav/401/lab-02-classes/objects/vehicle-factory.js
FN:4,CarFactory
FN:8,(anonymous_1)
FN:11,(anonymous_2)
FN:17,MotorcycleFactory
FN:21,(anonymous_4)
FN:24,(anonymous_5)
FN:27,(anonymous_6)
FNF:7
FNH:7
FNDA:1,CarFactory
FNDA:1,(anonymous_1)
FNDA:1,(anonymous_2)
FNDA:1,MotorcycleFactory
FNDA:1,(anonymous_4)
FNDA:1,(anonymous_5)
FNDA:1,(anonymous_6)
DA:5,1
DA:9,1
DA:12,1
DA:18,1
DA:22,1
DA:25,1
DA:28,1
DA:33,1
LF:8
LH:8
BRF:0
BRH:0
end_of_record
